Node 0
  Distance
    0 : X
    1 : 0
    2 : 0
    3 : 0
    4 : 0
    5 : 0
    6 : 0
    7 : 0
    8 : 0
    9 : 0
    10 : 0
    11 : 0
    12 : 0
    13 : 0
    14 : 0
    15 : 0
    16 : 0
    17 : 0
    18 : 0
    19 : 0
    20 : 0
    21 : 0
    22 : 0
    23 : 0
    24 : 0
    25 : 0
    26 : 0
    27 : 0
    28 : 0
    29 : 0
    30 : 0
    31 : 0
    32 : 0
    33 : 0
  Preds
    0 : NULL
    1 : NULL
    2 : NULL
    3 : NULL
    4 : NULL
    5 : NULL
    6 : NULL
    7 : NULL
    8 : NULL
    9 : NULL
    10 : NULL
    11 : NULL
    12 : NULL
    13 : NULL
    14 : NULL
    15 : NULL
    16 : NULL
    17 : NULL
    18 : NULL
    19 : NULL
    20 : NULL
    21 : NULL
    22 : NULL
    23 : NULL
    24 : NULL
    25 : NULL
    26 : NULL
    27 : NULL
    28 : NULL
    29 : NULL
    30 : NULL
    31 : NULL
    32 : NULL
    33 : NULL
Node 1
  Distance
    0 : 3
    1 : X
    2 : 0
    3 : 0
    4 : 0
    5 : 0
    6 : 0
    7 : 0
    8 : 0
    9 : 0
    10 : 0
    11 : 0
    12 : 0
    13 : 0
    14 : 0
    15 : 0
    16 : 0
    17 : 0
    18 : 0
    19 : 0
    20 : 0
    21 : 0
    22 : 0
    23 : 0
    24 : 0
    25 : 0
    26 : 0
    27 : 0
    28 : 0
    29 : 0
    30 : 0
    31 : 0
    32 : 0
    33 : 0
  Preds
    0 : [1]->NULL
    1 : NULL
    2 : NULL
    3 : NULL
    4 : NULL
    5 : NULL
    6 : NULL
    7 : NULL
    8 : NULL
    9 : NULL
    10 : NULL
    11 : NULL
    12 : NULL
    13 : NULL
    14 : NULL
    15 : NULL
    16 : NULL
    17 : NULL
    18 : NULL
    19 : NULL
    20 : NULL
    21 : NULL
    22 : NULL
    23 : NULL
    24 : NULL
    25 : NULL
    26 : NULL
    27 : NULL
    28 : NULL
    29 : NULL
    30 : NULL
    31 : NULL
    32 : NULL
    33 : NULL
Node 2
  Distance
    0 : 3
    1 : 10
    2 : X
    3 : 0
    4 : 0
    5 : 0
    6 : 0
    7 : 0
    8 : 0
    9 : 0
    10 : 0
    11 : 0
    12 : 0
    13 : 0
    14 : 0
    15 : 0
    16 : 0
    17 : 0
    18 : 0
    19 : 0
    20 : 0
    21 : 0
    22 : 0
    23 : 0
    24 : 0
    25 : 0
    26 : 0
    27 : 0
    28 : 0
    29 : 0
    30 : 0
    31 : 0
    32 : 0
    33 : 0
  Preds
    0 : [2]->NULL
    1 : [2]->NULL
    2 : NULL
    3 : NULL
    4 : NULL
    5 : NULL
    6 : NULL
    7 : NULL
    8 : NULL
    9 : NULL
    10 : NULL
    11 : NULL
    12 : NULL
    13 : NULL
    14 : NULL
    15 : NULL
    16 : NULL
    17 : NULL
    18 : NULL
    19 : NULL
    20 : NULL
    21 : NULL
    22 : NULL
    23 : NULL
    24 : NULL
    25 : NULL
    26 : NULL
    27 : NULL
    28 : NULL
    29 : NULL
    30 : NULL
    31 : NULL
    32 : NULL
    33 : NULL
Node 3
  Distance
    0 : 7
    1 : 5
    2 : 4
    3 : X
    4 : 0
    5 : 0
    6 : 0
    7 : 0
    8 : 0
    9 : 0
    10 : 0
    11 : 0
    12 : 0
    13 : 0
    14 : 0
    15 : 0
    16 : 0
    17 : 0
    18 : 0
    19 : 0
    20 : 0
    21 : 0
    22 : 0
    23 : 0
    24 : 0
    25 : 0
    26 : 0
    27 : 0
    28 : 0
    29 : 0
    30 : 0
    31 : 0
    32 : 0
    33 : 0
  Preds
    0 : [2]->NULL
    1 : [3]->NULL
    2 : [3]->NULL
    3 : NULL
    4 : NULL
    5 : NULL
    6 : NULL
    7 : NULL
    8 : NULL
    9 : NULL
    10 : NULL
    11 : NULL
    12 : NULL
    13 : NULL
    14 : NULL
    15 : NULL
    16 : NULL
    17 : NULL
    18 : NULL
    19 : NULL
    20 : NULL
    21 : NULL
    22 : NULL
    23 : NULL
    24 : NULL
    25 : NULL
    26 : NULL
    27 : NULL
    28 : NULL
    29 : NULL
    30 : NULL
    31 : NULL
    32 : NULL
    33 : NULL
Node 4
  Distance
    0 : 7
    1 : 0
    2 : 0
    3 : 0
    4 : X
    5 : 0
    6 : 0
    7 : 0
    8 : 0
    9 : 0
    10 : 0
    11 : 0
    12 : 0
    13 : 0
    14 : 0
    15 : 0
    16 : 0
    17 : 0
    18 : 0
    19 : 0
    20 : 0
    21 : 0
    22 : 0
    23 : 0
    24 : 0
    25 : 0
    26 : 0
    27 : 0
    28 : 0
    29 : 0
    30 : 0
    31 : 0
    32 : 0
    33 : 0
  Preds
    0 : [4]->NULL
    1 : NULL
    2 : NULL
    3 : NULL
    4 : NULL
    5 : NULL
    6 : NULL
    7 : NULL
    8 : NULL
    9 : NULL
    10 : NULL
    11 : NULL
    12 : NULL
    13 : NULL
    14 : NULL
    15 : NULL
    16 : NULL
    17 : NULL
    18 : NULL
    19 : NULL
    20 : NULL
    21 : NULL
    22 : NULL
    23 : NULL
    24 : NULL
    25 : NULL
    26 : NULL
    27 : NULL
    28 : NULL
    29 : NULL
    30 : NULL
    31 : NULL
    32 : NULL
    33 : NULL
Node 5
  Distance
    0 : 1
    1 : 0
    2 : 0
    3 : 0
    4 : 0
    5 : X
    6 : 0
    7 : 0
    8 : 0
    9 : 0
    10 : 0
    11 : 0
    12 : 0
    13 : 0
    14 : 0
    15 : 0
    16 : 0
    17 : 0
    18 : 0
    19 : 0
    20 : 0
    21 : 0
    22 : 0
    23 : 0
    24 : 0
    25 : 0
    26 : 0
    27 : 0
    28 : 0
    29 : 0
    30 : 0
    31 : 0
    32 : 0
    33 : 0
  Preds
    0 : [5]->NULL
    1 : NULL
    2 : NULL
    3 : NULL
    4 : NULL
    5 : NULL
    6 : NULL
    7 : NULL
    8 : NULL
    9 : NULL
    10 : NULL
    11 : NULL
    12 : NULL
    13 : NULL
    14 : NULL
    15 : NULL
    16 : NULL
    17 : NULL
    18 : NULL
    19 : NULL
    20 : NULL
    21 : NULL
    22 : NULL
    23 : NULL
    24 : NULL
    25 : NULL
    26 : NULL
    27 : NULL
    28 : NULL
    29 : NULL
    30 : NULL
    31 : NULL
    32 : NULL
    33 : NULL
Node 6
  Distance
    0 : 2
    1 : 0
    2 : 0
    3 : 0
    4 : 8
    5 : 6
    6 : X
    7 : 0
    8 : 0
    9 : 0
    10 : 0
    11 : 0
    12 : 0
    13 : 0
    14 : 0
    15 : 0
    16 : 0
    17 : 0
    18 : 0
    19 : 0
    20 : 0
    21 : 0
    22 : 0
    23 : 0
    24 : 0
    25 : 0
    26 : 0
    27 : 0
    28 : 0
    29 : 0
    30 : 0
    31 : 0
    32 : 0
    33 : 0
  Preds
    0 : [6]->NULL
    1 : NULL
    2 : NULL
    3 : NULL
    4 : [6]->NULL
    5 : [6]->NULL
    6 : NULL
    7 : NULL
    8 : NULL
    9 : NULL
    10 : NULL
    11 : NULL
    12 : NULL
    13 : NULL
    14 : NULL
    15 : NULL
    16 : NULL
    17 : NULL
    18 : NULL
    19 : NULL
    20 : NULL
    21 : NULL
    22 : NULL
    23 : NULL
    24 : NULL
    25 : NULL
    26 : NULL
    27 : NULL
    28 : NULL
    29 : NULL
    30 : NULL
    31 : NULL
    32 : NULL
    33 : NULL
Node 7
  Distance
    0 : 6
    1 : 6
    2 : 3
    3 : 2
    4 : 0
    5 : 0
    6 : 0
    7 : X
    8 : 0
    9 : 0
    10 : 0
    11 : 0
    12 : 0
    13 : 0
    14 : 0
    15 : 0
    16 : 0
    17 : 0
    18 : 0
    19 : 0
    20 : 0
    21 : 0
    22 : 0
    23 : 0
    24 : 0
    25 : 0
    26 : 0
    27 : 0
    28 : 0
    29 : 0
    30 : 0
    31 : 0
    32 : 0
    33 : 0
  Preds
    0 : [7]->[2]->NULL
    1 : [7]->NULL
    2 : [7]->NULL
    3 : [7]->NULL
    4 : NULL
    5 : NULL
    6 : NULL
    7 : NULL
    8 : NULL
    9 : NULL
    10 : NULL
    11 : NULL
    12 : NULL
    13 : NULL
    14 : NULL
    15 : NULL
    16 : NULL
    17 : NULL
    18 : NULL
    19 : NULL
    20 : NULL
    21 : NULL
    22 : NULL
    23 : NULL
    24 : NULL
    25 : NULL
    26 : NULL
    27 : NULL
    28 : NULL
    29 : NULL
    30 : NULL
    31 : NULL
    32 : NULL
    33 : NULL
Node 8
  Distance
    0 : 3
    1 : 15
    2 : 5
    3 : 0
    4 : 0
    5 : 0
    6 : 0
    7 : 0
    8 : X
    9 : 0
    10 : 0
    11 : 0
    12 : 0
    13 : 0
    14 : 0
    15 : 0
    16 : 0
    17 : 0
    18 : 0
    19 : 0
    20 : 0
    21 : 0
    22 : 0
    23 : 0
    24 : 0
    25 : 0
    26 : 0
    27 : 0
    28 : 0
    29 : 0
    30 : 0
    31 : 0
    32 : 0
    33 : 0
  Preds
    0 : [8]->NULL
    1 : [2]->NULL
    2 : [8]->NULL
    3 : NULL
    4 : NULL
    5 : NULL
    6 : NULL
    7 : NULL
    8 : NULL
    9 : NULL
    10 : NULL
    11 : NULL
    12 : NULL
    13 : NULL
    14 : NULL
    15 : NULL
    16 : NULL
    17 : NULL
    18 : NULL
    19 : NULL
    20 : NULL
    21 : NULL
    22 : NULL
    23 : NULL
    24 : NULL
    25 : NULL
    26 : NULL
    27 : NULL
    28 : NULL
    29 : NULL
    30 : NULL
    31 : NULL
    32 : NULL
    33 : NULL
Node 9
  Distance
    0 : 9
    1 : 16
    2 : 6
    3 : 0
    4 : 0
    5 : 0
    6 : 0
    7 : 0
    8 : 0
    9 : X
    10 : 0
    11 : 0
    12 : 0
    13 : 0
    14 : 0
    15 : 0
    16 : 0
    17 : 0
    18 : 0
    19 : 0
    20 : 0
    21 : 0
    22 : 0
    23 : 0
    24 : 0
    25 : 0
    26 : 0
    27 : 0
    28 : 0
    29 : 0
    30 : 0
    31 : 0
    32 : 0
    33 : 0
  Preds
    0 : [2]->NULL
    1 : [2]->NULL
    2 : [9]->NULL
    3 : NULL
    4 : NULL
    5 : NULL
    6 : NULL
    7 : NULL
    8 : NULL
    9 : NULL
    10 : NULL
    11 : NULL
    12 : NULL
    13 : NULL
    14 : NULL
    15 : NULL
    16 : NULL
    17 : NULL
    18 : NULL
    19 : NULL
    20 : NULL
    21 : NULL
    22 : NULL
    23 : NULL
    24 : NULL
    25 : NULL
    26 : NULL
    27 : NULL
    28 : NULL
    29 : NULL
    30 : NULL
    31 : NULL
    32 : NULL
    33 : NULL
Node 10
  Distance
    0 : 2
    1 : 0
    2 : 0
    3 : 0
    4 : 10
    5 : 1
    6 : 0
    7 : 0
    8 : 0
    9 : 0
    10 : X
    11 : 0
    12 : 0
    13 : 0
    14 : 0
    15 : 0
    16 : 0
    17 : 0
    18 : 0
    19 : 0
    20 : 0
    21 : 0
    22 : 0
    23 : 0
    24 : 0
    25 : 0
    26 : 0
    27 : 0
    28 : 0
    29 : 0
    30 : 0
    31 : 0
    32 : 0
    33 : 0
  Preds
    0 : [5]->NULL
    1 : NULL
    2 : NULL
    3 : NULL
    4 : [10]->NULL
    5 : [10]->NULL
    6 : NULL
    7 : NULL
    8 : NULL
    9 : NULL
    10 : NULL
    11 : NULL
    12 : NULL
    13 : NULL
    14 : NULL
    15 : NULL
    16 : NULL
    17 : NULL
    18 : NULL
    19 : NULL
    20 : NULL
    21 : NULL
    22 : NULL
    23 : NULL
    24 : NULL
    25 : NULL
    26 : NULL
    27 : NULL
    28 : NULL
    29 : NULL
    30 : NULL
    31 : NULL
    32 : NULL
    33 : NULL
Node 11
  Distance
    0 : 2
    1 : 0
    2 : 0
    3 : 0
    4 : 0
    5 : 0
    6 : 0
    7 : 0
    8 : 0
    9 : 0
    10 : 0
    11 : X
    12 : 0
    13 : 0
    14 : 0
    15 : 0
    16 : 0
    17 : 0
    18 : 0
    19 : 0
    20 : 0
    21 : 0
    22 : 0
    23 : 0
    24 : 0
    25 : 0
    26 : 0
    27 : 0
    28 : 0
    29 : 0
    30 : 0
    31 : 0
    32 : 0
    33 : 0
  Preds
    0 : [11]->NULL
    1 : NULL
    2 : NULL
    3 : NULL
    4 : NULL
    5 : NULL
    6 : NULL
    7 : NULL
    8 : NULL
    9 : NULL
    10 : NULL
    11 : NULL
    12 : NULL
    13 : NULL
    14 : NULL
    15 : NULL
    16 : NULL
    17 : NULL
    18 : NULL
    19 : NULL
    20 : NULL
    21 : NULL
    22 : NULL
    23 : NULL
    24 : NULL
    25 : NULL
    26 : NULL
    27 : NULL
    28 : NULL
    29 : NULL
    30 : NULL
    31 : NULL
    32 : NULL
    33 : NULL
Node 12
  Distance
    0 : 3
    1 : 6
    2 : 5
    3 : 1
    4 : 0
    5 : 0
    6 : 0
    7 : 0
    8 : 0
    9 : 0
    10 : 0
    11 : 0
    12 : X
    13 : 0
    14 : 0
    15 : 0
    16 : 0
    17 : 0
    18 : 0
    19 : 0
    20 : 0
    21 : 0
    22 : 0
    23 : 0
    24 : 0
    25 : 0
    26 : 0
    27 : 0
    28 : 0
    29 : 0
    30 : 0
    31 : 0
    32 : 0
    33 : 0
  Preds
    0 : [12]->NULL
    1 : [3]->NULL
    2 : [3]->NULL
    3 : [12]->NULL
    4 : NULL
    5 : NULL
    6 : NULL
    7 : NULL
    8 : NULL
    9 : NULL
    10 : NULL
    11 : NULL
    12 : NULL
    13 : NULL
    14 : NULL
    15 : NULL
    16 : NULL
    17 : NULL
    18 : NULL
    19 : NULL
    20 : NULL
    21 : NULL
    22 : NULL
    23 : NULL
    24 : NULL
    25 : NULL
    26 : NULL
    27 : NULL
    28 : NULL
    29 : NULL
    30 : NULL
    31 : NULL
    32 : NULL
    33 : NULL
Node 13
  Distance
    0 : 1
    1 : 5
    2 : 4
    3 : 4
    4 : 0
    5 : 0
    6 : 0
    7 : 0
    8 : 0
    9 : 0
    10 : 0
    11 : 0
    12 : 0
    13 : X
    14 : 0
    15 : 0
    16 : 0
    17 : 0
    18 : 0
    19 : 0
    20 : 0
    21 : 0
    22 : 0
    23 : 0
    24 : 0
    25 : 0
    26 : 0
    27 : 0
    28 : 0
    29 : 0
    30 : 0
    31 : 0
    32 : 0
    33 : 0
  Preds
    0 : [13]->NULL
    1 : [13]->NULL
    2 : [13]->NULL
    3 : [13]->NULL
    4 : NULL
    5 : NULL
    6 : NULL
    7 : NULL
    8 : NULL
    9 : NULL
    10 : NULL
    11 : NULL
    12 : NULL
    13 : NULL
    14 : NULL
    15 : NULL
    16 : NULL
    17 : NULL
    18 : NULL
    19 : NULL
    20 : NULL
    21 : NULL
    22 : NULL
    23 : NULL
    24 : NULL
    25 : NULL
    26 : NULL
    27 : NULL
    28 : NULL
    29 : NULL
    30 : NULL
    31 : NULL
    32 : NULL
    33 : NULL
Node 14
  Distance
    0 : 0
    1 : 0
    2 : 0
    3 : 0
    4 : 0
    5 : 0
    6 : 0
    7 : 0
    8 : 0
    9 : 0
    10 : 0
    11 : 0
    12 : 0
    13 : 0
    14 : X
    15 : 0
    16 : 0
    17 : 0
    18 : 0
    19 : 0
    20 : 0
    21 : 0
    22 : 0
    23 : 0
    24 : 0
    25 : 0
    26 : 0
    27 : 0
    28 : 0
    29 : 0
    30 : 0
    31 : 0
    32 : 0
    33 : 0
  Preds
    0 : NULL
    1 : NULL
    2 : NULL
    3 : NULL
    4 : NULL
    5 : NULL
    6 : NULL
    7 : NULL
    8 : NULL
    9 : NULL
    10 : NULL
    11 : NULL
    12 : NULL
    13 : NULL
    14 : NULL
    15 : NULL
    16 : NULL
    17 : NULL
    18 : NULL
    19 : NULL
    20 : NULL
    21 : NULL
    22 : NULL
    23 : NULL
    24 : NULL
    25 : NULL
    26 : NULL
    27 : NULL
    28 : NULL
    29 : NULL
    30 : NULL
    31 : NULL
    32 : NULL
    33 : NULL
Node 15
  Distance
    0 : 0
    1 : 0
    2 : 0
    3 : 0
    4 : 0
    5 : 0
    6 : 0
    7 : 0
    8 : 0
    9 : 0
    10 : 0
    11 : 0
    12 : 0
    13 : 0
    14 : 0
    15 : X
    16 : 0
    17 : 0
    18 : 0
    19 : 0
    20 : 0
    21 : 0
    22 : 0
    23 : 0
    24 : 0
    25 : 0
    26 : 0
    27 : 0
    28 : 0
    29 : 0
    30 : 0
    31 : 0
    32 : 0
    33 : 0
  Preds
    0 : NULL
    1 : NULL
    2 : NULL
    3 : NULL
    4 : NULL
    5 : NULL
    6 : NULL
    7 : NULL
    8 : NULL
    9 : NULL
    10 : NULL
    11 : NULL
    12 : NULL
    13 : NULL
    14 : NULL
    15 : NULL
    16 : NULL
    17 : NULL
    18 : NULL
    19 : NULL
    20 : NULL
    21 : NULL
    22 : NULL
    23 : NULL
    24 : NULL
    25 : NULL
    26 : NULL
    27 : NULL
    28 : NULL
    29 : NULL
    30 : NULL
    31 : NULL
    32 : NULL
    33 : NULL
Node 16
  Distance
    0 : 4
    1 : 0
    2 : 0
    3 : 0
    4 : 13
    5 : 3
    6 : 5
    7 : 0
    8 : 0
    9 : 0
    10 : 0
    11 : 0
    12 : 0
    13 : 0
    14 : 0
    15 : 0
    16 : X
    17 : 0
    18 : 0
    19 : 0
    20 : 0
    21 : 0
    22 : 0
    23 : 0
    24 : 0
    25 : 0
    26 : 0
    27 : 0
    28 : 0
    29 : 0
    30 : 0
    31 : 0
    32 : 0
    33 : 0
  Preds
    0 : [5]->NULL
    1 : NULL
    2 : NULL
    3 : NULL
    4 : [6]->NULL
    5 : [16]->NULL
    6 : [16]->NULL
    7 : NULL
    8 : NULL
    9 : NULL
    10 : NULL
    11 : NULL
    12 : NULL
    13 : NULL
    14 : NULL
    15 : NULL
    16 : NULL
    17 : NULL
    18 : NULL
    19 : NULL
    20 : NULL
    21 : NULL
    22 : NULL
    23 : NULL
    24 : NULL
    25 : NULL
    26 : NULL
    27 : NULL
    28 : NULL
    29 : NULL
    30 : NULL
    31 : NULL
    32 : NULL
    33 : NULL
Node 17
  Distance
    0 : 5
    1 : 2
    2 : 0
    3 : 0
    4 : 0
    5 : 0
    6 : 0
    7 : 0
    8 : 0
    9 : 0
    10 : 0
    11 : 0
    12 : 0
    13 : 0
    14 : 0
    15 : 0
    16 : 0
    17 : X
    18 : 0
    19 : 0
    20 : 0
    21 : 0
    22 : 0
    23 : 0
    24 : 0
    25 : 0
    26 : 0
    27 : 0
    28 : 0
    29 : 0
    30 : 0
    31 : 0
    32 : 0
    33 : 0
  Preds
    0 : [1]->NULL
    1 : [17]->NULL
    2 : NULL
    3 : NULL
    4 : NULL
    5 : NULL
    6 : NULL
    7 : NULL
    8 : NULL
    9 : NULL
    10 : NULL
    11 : NULL
    12 : NULL
    13 : NULL
    14 : NULL
    15 : NULL
    16 : NULL
    17 : NULL
    18 : NULL
    19 : NULL
    20 : NULL
    21 : NULL
    22 : NULL
    23 : NULL
    24 : NULL
    25 : NULL
    26 : NULL
    27 : NULL
    28 : NULL
    29 : NULL
    30 : NULL
    31 : NULL
    32 : NULL
    33 : NULL
Node 18
  Distance
    0 : 0
    1 : 0
    2 : 0
    3 : 0
    4 : 0
    5 : 0
    6 : 0
    7 : 0
    8 : 0
    9 : 0
    10 : 0
    11 : 0
    12 : 0
    13 : 0
    14 : 0
    15 : 0
    16 : 0
    17 : 0
    18 : X
    19 : 0
    20 : 0
    21 : 0
    22 : 0
    23 : 0
    24 : 0
    25 : 0
    26 : 0
    27 : 0
    28 : 0
    29 : 0
    30 : 0
    31 : 0
    32 : 0
    33 : 0
  Preds
    0 : NULL
    1 : NULL
    2 : NULL
    3 : NULL
    4 : NULL
    5 : NULL
    6 : NULL
    7 : NULL
    8 : NULL
    9 : NULL
    10 : NULL
    11 : NULL
    12 : NULL
    13 : NULL
    14 : NULL
    15 : NULL
    16 : NULL
    17 : NULL
    18 : NULL
    19 : NULL
    20 : NULL
    21 : NULL
    22 : NULL
    23 : NULL
    24 : NULL
    25 : NULL
    26 : NULL
    27 : NULL
    28 : NULL
    29 : NULL
    30 : NULL
    31 : NULL
    32 : NULL
    33 : NULL
Node 19
  Distance
    0 : 2
    1 : 6
    2 : 0
    3 : 0
    4 : 0
    5 : 0
    6 : 0
    7 : 0
    8 : 0
    9 : 0
    10 : 0
    11 : 0
    12 : 0
    13 : 0
    14 : 0
    15 : 0
    16 : 0
    17 : 0
    18 : 0
    19 : X
    20 : 0
    21 : 0
    22 : 0
    23 : 0
    24 : 0
    25 : 0
    26 : 0
    27 : 0
    28 : 0
    29 : 0
    30 : 0
    31 : 0
    32 : 0
    33 : 0
  Preds
    0 : [19]->NULL
    1 : [19]->NULL
    2 : NULL
    3 : NULL
    4 : NULL
    5 : NULL
    6 : NULL
    7 : NULL
    8 : NULL
    9 : NULL
    10 : NULL
    11 : NULL
    12 : NULL
    13 : NULL
    14 : NULL
    15 : NULL
    16 : NULL
    17 : NULL
    18 : NULL
    19 : NULL
    20 : NULL
    21 : NULL
    22 : NULL
    23 : NULL
    24 : NULL
    25 : NULL
    26 : NULL
    27 : NULL
    28 : NULL
    29 : NULL
    30 : NULL
    31 : NULL
    32 : NULL
    33 : NULL
Node 20
  Distance
    0 : 0
    1 : 0
    2 : 0
    3 : 0
    4 : 0
    5 : 0
    6 : 0
    7 : 0
    8 : 0
    9 : 0
    10 : 0
    11 : 0
    12 : 0
    13 : 0
    14 : 0
    15 : 0
    16 : 0
    17 : 0
    18 : 0
    19 : 0
    20 : X
    21 : 0
    22 : 0
    23 : 0
    24 : 0
    25 : 0
    26 : 0
    27 : 0
    28 : 0
    29 : 0
    30 : 0
    31 : 0
    32 : 0
    33 : 0
  Preds
    0 : NULL
    1 : NULL
    2 : NULL
    3 : NULL
    4 : NULL
    5 : NULL
    6 : NULL
    7 : NULL
    8 : NULL
    9 : NULL
    10 : NULL
    11 : NULL
    12 : NULL
    13 : NULL
    14 : NULL
    15 : NULL
    16 : NULL
    17 : NULL
    18 : NULL
    19 : NULL
    20 : NULL
    21 : NULL
    22 : NULL
    23 : NULL
    24 : NULL
    25 : NULL
    26 : NULL
    27 : NULL
    28 : NULL
    29 : NULL
    30 : NULL
    31 : NULL
    32 : NULL
    33 : NULL
Node 21
  Distance
    0 : 9
    1 : 8
    2 : 0
    3 : 0
    4 : 0
    5 : 0
    6 : 0
    7 : 0
    8 : 0
    9 : 0
    10 : 0
    11 : 0
    12 : 0
    13 : 0
    14 : 0
    15 : 0
    16 : 0
    17 : 0
    18 : 0
    19 : 0
    20 : 0
    21 : X
    22 : 0
    23 : 0
    24 : 0
    25 : 0
    26 : 0
    27 : 0
    28 : 0
    29 : 0
    30 : 0
    31 : 0
    32 : 0
    33 : 0
  Preds
    0 : [21]->NULL
    1 : [21]->NULL
    2 : NULL
    3 : NULL
    4 : NULL
    5 : NULL
    6 : NULL
    7 : NULL
    8 : NULL
    9 : NULL
    10 : NULL
    11 : NULL
    12 : NULL
    13 : NULL
    14 : NULL
    15 : NULL
    16 : NULL
    17 : NULL
    18 : NULL
    19 : NULL
    20 : NULL
    21 : NULL
    22 : NULL
    23 : NULL
    24 : NULL
    25 : NULL
    26 : NULL
    27 : NULL
    28 : NULL
    29 : NULL
    30 : NULL
    31 : NULL
    32 : NULL
    33 : NULL
Node 22
  Distance
    0 : 0
    1 : 0
    2 : 0
    3 : 0
    4 : 0
    5 : 0
    6 : 0
    7 : 0
    8 : 0
    9 : 0
    10 : 0
    11 : 0
    12 : 0
    13 : 0
    14 : 0
    15 : 0
    16 : 0
    17 : 0
    18 : 0
    19 : 0
    20 : 0
    21 : 0
    22 : X
    23 : 0
    24 : 0
    25 : 0
    26 : 0
    27 : 0
    28 : 0
    29 : 0
    30 : 0
    31 : 0
    32 : 0
    33 : 0
  Preds
    0 : NULL
    1 : NULL
    2 : NULL
    3 : NULL
    4 : NULL
    5 : NULL
    6 : NULL
    7 : NULL
    8 : NULL
    9 : NULL
    10 : NULL
    11 : NULL
    12 : NULL
    13 : NULL
    14 : NULL
    15 : NULL
    16 : NULL
    17 : NULL
    18 : NULL
    19 : NULL
    20 : NULL
    21 : NULL
    22 : NULL
    23 : NULL
    24 : NULL
    25 : NULL
    26 : NULL
    27 : NULL
    28 : NULL
    29 : NULL
    30 : NULL
    31 : NULL
    32 : NULL
    33 : NULL
Node 23
  Distance
    0 : 0
    1 : 0
    2 : 0
    3 : 0
    4 : 0
    5 : 0
    6 : 0
    7 : 0
    8 : 0
    9 : 0
    10 : 0
    11 : 0
    12 : 0
    13 : 0
    14 : 0
    15 : 0
    16 : 0
    17 : 0
    18 : 0
    19 : 0
    20 : 0
    21 : 0
    22 : 0
    23 : X
    24 : 0
    25 : 0
    26 : 0
    27 : 0
    28 : 0
    29 : 0
    30 : 0
    31 : 0
    32 : 0
    33 : 0
  Preds
    0 : NULL
    1 : NULL
    2 : NULL
    3 : NULL
    4 : NULL
    5 : NULL
    6 : NULL
    7 : NULL
    8 : NULL
    9 : NULL
    10 : NULL
    11 : NULL
    12 : NULL
    13 : NULL
    14 : NULL
    15 : NULL
    16 : NULL
    17 : NULL
    18 : NULL
    19 : NULL
    20 : NULL
    21 : NULL
    22 : NULL
    23 : NULL
    24 : NULL
    25 : NULL
    26 : NULL
    27 : NULL
    28 : NULL
    29 : NULL
    30 : NULL
    31 : NULL
    32 : NULL
    33 : NULL
Node 24
  Distance
    0 : 0
    1 : 0
    2 : 0
    3 : 0
    4 : 0
    5 : 0
    6 : 0
    7 : 0
    8 : 0
    9 : 0
    10 : 0
    11 : 0
    12 : 0
    13 : 0
    14 : 0
    15 : 0
    16 : 0
    17 : 0
    18 : 0
    19 : 0
    20 : 0
    21 : 0
    22 : 0
    23 : 0
    24 : X
    25 : 0
    26 : 0
    27 : 0
    28 : 0
    29 : 0
    30 : 0
    31 : 0
    32 : 0
    33 : 0
  Preds
    0 : NULL
    1 : NULL
    2 : NULL
    3 : NULL
    4 : NULL
    5 : NULL
    6 : NULL
    7 : NULL
    8 : NULL
    9 : NULL
    10 : NULL
    11 : NULL
    12 : NULL
    13 : NULL
    14 : NULL
    15 : NULL
    16 : NULL
    17 : NULL
    18 : NULL
    19 : NULL
    20 : NULL
    21 : NULL
    22 : NULL
    23 : NULL
    24 : NULL
    25 : NULL
    26 : NULL
    27 : NULL
    28 : NULL
    29 : NULL
    30 : NULL
    31 : NULL
    32 : NULL
    33 : NULL
Node 25
  Distance
    0 : 0
    1 : 0
    2 : 0
    3 : 0
    4 : 0
    5 : 0
    6 : 0
    7 : 0
    8 : 0
    9 : 0
    10 : 0
    11 : 0
    12 : 0
    13 : 0
    14 : 0
    15 : 0
    16 : 0
    17 : 0
    18 : 0
    19 : 0
    20 : 0
    21 : 0
    22 : 0
    23 : 3
    24 : 7
    25 : X
    26 : 0
    27 : 0
    28 : 0
    29 : 0
    30 : 0
    31 : 0
    32 : 0
    33 : 0
  Preds
    0 : NULL
    1 : NULL
    2 : NULL
    3 : NULL
    4 : NULL
    5 : NULL
    6 : NULL
    7 : NULL
    8 : NULL
    9 : NULL
    10 : NULL
    11 : NULL
    12 : NULL
    13 : NULL
    14 : NULL
    15 : NULL
    16 : NULL
    17 : NULL
    18 : NULL
    19 : NULL
    20 : NULL
    21 : NULL
    22 : NULL
    23 : [25]->NULL
    24 : [25]->NULL
    25 : NULL
    26 : NULL
    27 : NULL
    28 : NULL
    29 : NULL
    30 : NULL
    31 : NULL
    32 : NULL
    33 : NULL
Node 26
  Distance
    0 : 0
    1 : 0
    2 : 0
    3 : 0
    4 : 0
    5 : 0
    6 : 0
    7 : 0
    8 : 0
    9 : 0
    10 : 0
    11 : 0
    12 : 0
    13 : 0
    14 : 0
    15 : 0
    16 : 0
    17 : 0
    18 : 0
    19 : 0
    20 : 0
    21 : 0
    22 : 0
    23 : 0
    24 : 0
    25 : 0
    26 : X
    27 : 0
    28 : 0
    29 : 0
    30 : 0
    31 : 0
    32 : 0
    33 : 0
  Preds
    0 : NULL
    1 : NULL
    2 : NULL
    3 : NULL
    4 : NULL
    5 : NULL
    6 : NULL
    7 : NULL
    8 : NULL
    9 : NULL
    10 : NULL
    11 : NULL
    12 : NULL
    13 : NULL
    14 : NULL
    15 : NULL
    16 : NULL
    17 : NULL
    18 : NULL
    19 : NULL
    20 : NULL
    21 : NULL
    22 : NULL
    23 : NULL
    24 : NULL
    25 : NULL
    26 : NULL
    27 : NULL
    28 : NULL
    29 : NULL
    30 : NULL
    31 : NULL
    32 : NULL
    33 : NULL
Node 27
  Distance
    0 : 10
    1 : 17
    2 : 7
    3 : 0
    4 : 0
    5 : 0
    6 : 0
    7 : 0
    8 : 0
    9 : 0
    10 : 0
    11 : 0
    12 : 0
    13 : 0
    14 : 0
    15 : 0
    16 : 0
    17 : 0
    18 : 0
    19 : 0
    20 : 0
    21 : 0
    22 : 0
    23 : 7
    24 : 10
    25 : 0
    26 : 0
    27 : X
    28 : 0
    29 : 0
    30 : 0
    31 : 0
    32 : 0
    33 : 0
  Preds
    0 : [2]->NULL
    1 : [2]->NULL
    2 : [27]->NULL
    3 : NULL
    4 : NULL
    5 : NULL
    6 : NULL
    7 : NULL
    8 : NULL
    9 : NULL
    10 : NULL
    11 : NULL
    12 : NULL
    13 : NULL
    14 : NULL
    15 : NULL
    16 : NULL
    17 : NULL
    18 : NULL
    19 : NULL
    20 : NULL
    21 : NULL
    22 : NULL
    23 : [27]->NULL
    24 : [27]->NULL
    25 : NULL
    26 : NULL
    27 : NULL
    28 : NULL
    29 : NULL
    30 : NULL
    31 : NULL
    32 : NULL
    33 : NULL
Node 28
  Distance
    0 : 8
    1 : 15
    2 : 5
    3 : 0
    4 : 0
    5 : 0
    6 : 0
    7 : 0
    8 : 0
    9 : 0
    10 : 0
    11 : 0
    12 : 0
    13 : 0
    14 : 0
    15 : 0
    16 : 0
    17 : 0
    18 : 0
    19 : 0
    20 : 0
    21 : 0
    22 : 0
    23 : 0
    24 : 0
    25 : 0
    26 : 0
    27 : 0
    28 : X
    29 : 0
    30 : 0
    31 : 0
    32 : 0
    33 : 0
  Preds
    0 : [2]->NULL
    1 : [2]->NULL
    2 : [28]->NULL
    3 : NULL
    4 : NULL
    5 : NULL
    6 : NULL
    7 : NULL
    8 : NULL
    9 : NULL
    10 : NULL
    11 : NULL
    12 : NULL
    13 : NULL
    14 : NULL
    15 : NULL
    16 : NULL
    17 : NULL
    18 : NULL
    19 : NULL
    20 : NULL
    21 : NULL
    22 : NULL
    23 : NULL
    24 : NULL
    25 : NULL
    26 : NULL
    27 : NULL
    28 : NULL
    29 : NULL
    30 : NULL
    31 : NULL
    32 : NULL
    33 : NULL
Node 29
  Distance
    0 : 0
    1 : 0
    2 : 0
    3 : 0
    4 : 0
    5 : 0
    6 : 0
    7 : 0
    8 : 0
    9 : 0
    10 : 0
    11 : 0
    12 : 0
    13 : 0
    14 : 0
    15 : 0
    16 : 0
    17 : 0
    18 : 0
    19 : 0
    20 : 0
    21 : 0
    22 : 0
    23 : 1
    24 : 0
    25 : 0
    26 : 7
    27 : 0
    28 : 0
    29 : X
    30 : 0
    31 : 0
    32 : 0
    33 : 0
  Preds
    0 : NULL
    1 : NULL
    2 : NULL
    3 : NULL
    4 : NULL
    5 : NULL
    6 : NULL
    7 : NULL
    8 : NULL
    9 : NULL
    10 : NULL
    11 : NULL
    12 : NULL
    13 : NULL
    14 : NULL
    15 : NULL
    16 : NULL
    17 : NULL
    18 : NULL
    19 : NULL
    20 : NULL
    21 : NULL
    22 : NULL
    23 : [29]->NULL
    24 : NULL
    25 : NULL
    26 : [29]->NULL
    27 : NULL
    28 : NULL
    29 : NULL
    30 : NULL
    31 : NULL
    32 : NULL
    33 : NULL
Node 30
  Distance
    0 : 4
    1 : 1
    2 : 8
    3 : 0
    4 : 0
    5 : 0
    6 : 0
    7 : 0
    8 : 3
    9 : 0
    10 : 0
    11 : 0
    12 : 0
    13 : 0
    14 : 0
    15 : 0
    16 : 0
    17 : 0
    18 : 0
    19 : 0
    20 : 0
    21 : 0
    22 : 0
    23 : 0
    24 : 0
    25 : 0
    26 : 0
    27 : 0
    28 : 0
    29 : 0
    30 : X
    31 : 0
    32 : 0
    33 : 0
  Preds
    0 : [1]->NULL
    1 : [30]->NULL
    2 : [8]->NULL
    3 : NULL
    4 : NULL
    5 : NULL
    6 : NULL
    7 : NULL
    8 : [30]->NULL
    9 : NULL
    10 : NULL
    11 : NULL
    12 : NULL
    13 : NULL
    14 : NULL
    15 : NULL
    16 : NULL
    17 : NULL
    18 : NULL
    19 : NULL
    20 : NULL
    21 : NULL
    22 : NULL
    23 : NULL
    24 : NULL
    25 : NULL
    26 : NULL
    27 : NULL
    28 : NULL
    29 : NULL
    30 : NULL
    31 : NULL
    32 : NULL
    33 : NULL
Node 31
  Distance
    0 : 6
    1 : 16
    2 : 6
    3 : 0
    4 : 0
    5 : 0
    6 : 0
    7 : 0
    8 : 0
    9 : 0
    10 : 0
    11 : 0
    12 : 0
    13 : 0
    14 : 0
    15 : 0
    16 : 0
    17 : 0
    18 : 0
    19 : 0
    20 : 0
    21 : 0
    22 : 0
    23 : 8
    24 : 10
    25 : 5
    26 : 0
    27 : 0
    28 : 1
    29 : 0
    30 : 0
    31 : X
    32 : 0
    33 : 0
  Preds
    0 : [31]->NULL
    1 : [2]->NULL
    2 : [28]->NULL
    3 : NULL
    4 : NULL
    5 : NULL
    6 : NULL
    7 : NULL
    8 : NULL
    9 : NULL
    10 : NULL
    11 : NULL
    12 : NULL
    13 : NULL
    14 : NULL
    15 : NULL
    16 : NULL
    17 : NULL
    18 : NULL
    19 : NULL
    20 : NULL
    21 : NULL
    22 : NULL
    23 : [25]->NULL
    24 : [31]->NULL
    25 : [31]->NULL
    26 : NULL
    27 : NULL
    28 : [31]->NULL
    29 : NULL
    30 : NULL
    31 : NULL
    32 : NULL
    33 : NULL
Node 32
  Distance
    0 : 8
    1 : 6
    2 : 5
    3 : 0
    4 : 0
    5 : 0
    6 : 0
    7 : 0
    8 : 8
    9 : 0
    10 : 0
    11 : 0
    12 : 0
    13 : 0
    14 : 8
    15 : 8
    16 : 0
    17 : 0
    18 : 6
    19 : 0
    20 : 1
    21 : 0
    22 : 3
    23 : 3
    24 : 16
    25 : 11
    26 : 15
    27 : 0
    28 : 7
    29 : 8
    30 : 5
    31 : 6
    32 : X
    33 : 0
  Preds
    0 : [2]->NULL
    1 : [30]->NULL
    2 : [32]->NULL
    3 : NULL
    4 : NULL
    5 : NULL
    6 : NULL
    7 : NULL
    8 : [32]->[30]->NULL
    9 : NULL
    10 : NULL
    11 : NULL
    12 : NULL
    13 : NULL
    14 : [32]->NULL
    15 : [32]->NULL
    16 : NULL
    17 : NULL
    18 : [32]->NULL
    19 : NULL
    20 : [32]->NULL
    21 : NULL
    22 : [32]->NULL
    23 : [32]->NULL
    24 : [31]->NULL
    25 : [31]->NULL
    26 : [29]->NULL
    27 : NULL
    28 : [31]->NULL
    29 : [32]->NULL
    30 : [32]->NULL
    31 : [32]->NULL
    32 : NULL
    33 : NULL
Node 33
  Distance
    0 : 4
    1 : 8
    2 : 11
    3 : 11
    4 : 0
    5 : 0
    6 : 0
    7 : 0
    8 : 8
    9 : 8
    10 : 0
    11 : 0
    12 : 0
    13 : 7
    14 : 8
    15 : 7
    16 : 0
    17 : 0
    18 : 7
    19 : 2
    20 : 4
    21 : 0
    22 : 4
    23 : 7
    24 : 14
    25 : 15
    26 : 9
    27 : 4
    28 : 10
    29 : 10
    30 : 10
    31 : 10
    32 : 9
    33 : X
  Preds
    0 : [19]->NULL
    1 : [19]->NULL
    2 : [27]->[13]->NULL
    3 : [13]->NULL
    4 : NULL
    5 : NULL
    6 : NULL
    7 : NULL
    8 : [33]->NULL
    9 : [33]->NULL
    10 : NULL
    11 : NULL
    12 : NULL
    13 : [33]->NULL
    14 : [33]->NULL
    15 : [33]->NULL
    16 : NULL
    17 : NULL
    18 : [33]->NULL
    19 : [33]->NULL
    20 : [33]->NULL
    21 : NULL
    22 : [33]->NULL
    23 : [33]->NULL
    24 : [27]->NULL
    25 : [31]->NULL
    26 : [33]->NULL
    27 : [33]->NULL
    28 : [33]->NULL
    29 : [33]->NULL
    30 : [33]->NULL
    31 : [33]->NULL
    32 : [33]->NULL
    33 : NULL
