0: 0.131579
1: 0.013158
2: 0.039474
3: 0.039474
4: 0.013158
5: 0.013158
6: 0.013158
7: 0.013158
8: 0.013158
9: 0.013158
10: 0.013158
11: 0.473684
12: 0.026316
13: 0.013158
14: 0.013158
15: 0.013158
16: 0.118421
17: 0.092105
18: 0.092105
19: 0.092105
20: 0.092105
21: 0.092105
22: 0.092105
23: 0.197368
24: 0.144737
25: 0.210526
26: 0.144737
27: 0.223684
28: 0.052632
29: 0.105263
30: 0.026316
31: 0.052632
32: 0.013158
33: 0.026316
34: 0.078947
35: 0.078947
36: 0.078947
37: 0.078947
38: 0.078947
39: 0.039474
40: 0.013158
41: 0.144737
42: 0.039474
43: 0.039474
44: 0.026316
45: 0.013158
46: 0.013158
47: 0.026316
48: 0.289474
49: 0.092105
50: 0.026316
51: 0.092105
52: 0.026316
53: 0.013158
54: 0.052632
55: 0.250000
56: 0.026316
57: 0.144737
58: 0.197368
59: 0.144737
60: 0.118421
61: 0.144737
62: 0.171053
63: 0.157895
64: 0.171053
65: 0.157895
66: 0.131579
67: 0.013158
68: 0.131579
69: 0.131579
70: 0.131579
71: 0.118421
72: 0.039474
73: 0.026316
74: 0.026316
75: 0.092105
76: 0.092105
