0: 0.131579
1: 0.000000
2: 0.026316
3: 0.013158
4: 0.000000
5: 0.000000
6: 0.000000
7: 0.000000
8: 0.000000
9: 0.000000
10: 0.013158
11: 0.421053
12: 0.013158
13: 0.000000
14: 0.000000
15: 0.000000
16: 0.118421
17: 0.078947
18: 0.065789
19: 0.052632
20: 0.039474
21: 0.026316
22: 0.013158
23: 0.078947
24: 0.118421
25: 0.171053
26: 0.092105
27: 0.157895
28: 0.026316
29: 0.065789
30: 0.013158
31: 0.000000
32: 0.000000
33: 0.000000
34: 0.052632
35: 0.039474
36: 0.026316
37: 0.013158
38: 0.000000
39: 0.026316
40: 0.000000
41: 0.118421
42: 0.000000
43: 0.000000
44: 0.000000
45: 0.000000
46: 0.013158
47: 0.013158
48: 0.236842
49: 0.065789
50: 0.000000
51: 0.052632
52: 0.000000
53: 0.000000
54: 0.013158
55: 0.118421
56: 0.000000
57: 0.105263
58: 0.131579
59: 0.092105
60: 0.078947
61: 0.065789
62: 0.065789
63: 0.052632
64: 0.039474
65: 0.026316
66: 0.013158
67: 0.000000
68: 0.052632
69: 0.039474
70: 0.026316
71: 0.013158
72: 0.000000
73: 0.013158
74: 0.000000
75: 0.000000
76: 0.000000
