0: 0.000000
1: 0.013158
2: 0.013158
3: 0.026316
4: 0.013158
5: 0.013158
6: 0.013158
7: 0.013158
8: 0.013158
9: 0.013158
10: 0.000000
11: 0.052632
12: 0.013158
13: 0.013158
14: 0.013158
15: 0.013158
16: 0.000000
17: 0.013158
18: 0.026316
19: 0.039474
20: 0.052632
21: 0.065789
22: 0.078947
23: 0.118421
24: 0.026316
25: 0.039474
26: 0.052632
27: 0.065789
28: 0.026316
29: 0.039474
30: 0.013158
31: 0.052632
32: 0.013158
33: 0.026316
34: 0.026316
35: 0.039474
36: 0.052632
37: 0.065789
38: 0.078947
39: 0.013158
40: 0.013158
41: 0.026316
42: 0.039474
43: 0.039474
44: 0.026316
45: 0.013158
46: 0.000000
47: 0.013158
48: 0.052632
49: 0.026316
50: 0.026316
51: 0.039474
52: 0.026316
53: 0.013158
54: 0.039474
55: 0.131579
56: 0.026316
57: 0.039474
58: 0.065789
59: 0.052632
60: 0.039474
61: 0.078947
62: 0.105263
63: 0.105263
64: 0.131579
65: 0.131579
66: 0.118421
67: 0.013158
68: 0.078947
69: 0.092105
70: 0.105263
71: 0.105263
72: 0.039474
73: 0.013158
74: 0.026316
75: 0.092105
76: 0.092105
